<?xml version="1.0" encoding="UTF-8"?>
<testng-results ignored="0" total="2" passed="2" failed="0" skipped="0">
  <reporter-output>
  </reporter-output>
  <suite started-at="2022-09-18T14:59:49 IST" name="Default suite" finished-at="2022-09-18T15:00:02 IST" duration-ms="13167">
    <groups>
      <group name="cucumber">
        <method signature="AbstractTestNGCucumberTests.runScenario(io.cucumber.testng.PickleWrapper,io.cucumber.testng.FeatureWrapper)[pri:0, instance:cucumberRunner.TestNgTestRunner@145f66e3]" name="runScenario" class="io.cucumber.testng.AbstractTestNGCucumberTests"/>
      </group> <!-- cucumber -->
    </groups>
    <test started-at="2022-09-18T14:59:49 IST" name="Default test" finished-at="2022-09-18T15:00:02 IST" duration-ms="13167">
      <class name="cucumberRunner.TestNgTestRunner">
        <test-method is-config="true" signature="setUpClass(org.testng.ITestContext)[pri:0, instance:cucumberRunner.TestNgTestRunner@145f66e3]" started-at="2022-09-18T14:59:49 IST" name="setUpClass" finished-at="2022-09-18T14:59:49 IST" duration-ms="282" status="PASS">
          <params>
            <param index="0">
              <value>
                <![CDATA[org.testng.TestRunner@82ea68c]]>
              </value>
            </param>
          </params>
          <reporter-output>
          </reporter-output>
        </test-method> <!-- setUpClass -->
        <test-method signature="runScenario(io.cucumber.testng.PickleWrapper,io.cucumber.testng.FeatureWrapper)[pri:0, instance:cucumberRunner.TestNgTestRunner@145f66e3]" started-at="2022-09-18T14:59:49 IST" name="runScenario" description="Runs Cucumber Scenarios" data-provider="scenarios" finished-at="2022-09-18T15:00:02 IST" duration-ms="12819" status="PASS">
          <params>
            <param index="0">
              <value>
                <![CDATA["To search product and increasing the quantity in landing page and validation in checkout page"]]>
              </value>
            </param>
            <param index="1">
              <value>
                <![CDATA["To seach and order product"]]>
              </value>
            </param>
          </params>
          <reporter-output>
          </reporter-output>
        </test-method> <!-- runScenario -->
        <test-method signature="runScenario(io.cucumber.testng.PickleWrapper,io.cucumber.testng.FeatureWrapper)[pri:0, instance:cucumberRunner.TestNgTestRunner@145f66e3]" started-at="2022-09-18T14:59:49 IST" name="runScenario" description="Runs Cucumber Scenarios" data-provider="scenarios" finished-at="2022-09-18T15:00:02 IST" duration-ms="12796" status="PASS">
          <params>
            <param index="0">
              <value>
                <![CDATA["To search product and increasing the quantity in landing page and validation in checkout page"]]>
              </value>
            </param>
            <param index="1">
              <value>
                <![CDATA["To seach and order product"]]>
              </value>
            </param>
          </params>
          <reporter-output>
          </reporter-output>
        </test-method> <!-- runScenario -->
        <test-method is-config="true" signature="tearDownClass()[pri:0, instance:cucumberRunner.TestNgTestRunner@145f66e3]" started-at="2022-09-18T15:00:02 IST" name="tearDownClass" finished-at="2022-09-18T15:00:02 IST" duration-ms="11" status="PASS">
          <reporter-output>
          </reporter-output>
        </test-method> <!-- tearDownClass -->
      </class> <!-- cucumberRunner.TestNgTestRunner -->
    </test> <!-- Default test -->
  </suite> <!-- Default suite -->
</testng-results>
